<?xml version="1.0" encoding="UTF-8"?>
<!-- Generated by org.testng.reporters.JUnitXMLReporter -->
<testsuite ignored="6" hostname="Ilhams-MacBook-Pro.local" failures="0" tests="4" name="Test" time="28.457" errors="0" timestamp="2023-06-05T06:54:01 WIB">
  <testcase classname="saucedemo.mavenproject.LoginTest" name="login" time="3.202"/>
  <testcase classname="saucedemo.mavenproject.SortProductsTest" name="sortProducts" time="3.059"/>
  <testcase classname="saucedemo.mavenproject.DetailsProductPriceTest" name="detailsProductPrice" time="3.077"/>
  <testcase classname="saucedemo.mavenproject.BuyProductTest" name="buyProduct" time="15.862"/>
  <testcase classname="base.Hooks" name="@BeforeTest setup" time="0.0">
    <ignored/>
  </testcase> <!-- @BeforeTest setup -->
  <testcase classname="base.Hooks" name="@BeforeTest setup" time="0.0">
    <ignored/>
  </testcase> <!-- @BeforeTest setup -->
  <testcase classname="base.Hooks" name="@BeforeTest setup" time="0.0">
    <ignored/>
  </testcase> <!-- @BeforeTest setup -->
  <testcase classname="base.Hooks" name="@AfterTest tearDown" time="0.0">
    <ignored/>
  </testcase> <!-- @AfterTest tearDown -->
  <testcase classname="base.Hooks" name="@AfterTest tearDown" time="0.0">
    <ignored/>
  </testcase> <!-- @AfterTest tearDown -->
  <testcase classname="base.Hooks" name="@AfterTest tearDown" time="0.0">
    <ignored/>
  </testcase> <!-- @AfterTest tearDown -->
</testsuite> <!-- Test -->
