<?xml version="1.0" encoding="UTF-8"?>
<testng-results ignored="0" total="1" passed="1" failed="0" skipped="0">
  <reporter-output>
  </reporter-output>
  <suite started-at="2023-06-05T06:22:54 WIB" name="Default suite" finished-at="2023-06-05T06:23:01 WIB" duration-ms="6934">
    <groups>
    </groups>
    <test started-at="2023-06-05T06:22:54 WIB" name="Default test" finished-at="2023-06-05T06:23:01 WIB" duration-ms="6934">
      <class name="saucedemo.mavenproject.LoginTest">
        <test-method is-config="true" signature="setup()[pri:0, instance:saucedemo.mavenproject.LoginTest@51dcb805]" started-at="2023-06-05T06:22:54 WIB" name="setup" finished-at="2023-06-05T06:22:56 WIB" duration-ms="2241" status="PASS">
          <reporter-output>
          </reporter-output>
        </test-method> <!-- setup -->
        <test-method signature="login()[pri:0, instance:saucedemo.mavenproject.LoginTest@51dcb805]" started-at="2023-06-05T06:22:56 WIB" name="login" finished-at="2023-06-05T06:22:59 WIB" duration-ms="3224" status="PASS">
          <reporter-output>
          </reporter-output>
        </test-method> <!-- login -->
        <test-method is-config="true" signature="tearDown()[pri:0, instance:saucedemo.mavenproject.LoginTest@51dcb805]" started-at="2023-06-05T06:22:59 WIB" name="tearDown" finished-at="2023-06-05T06:23:01 WIB" duration-ms="1452" status="PASS">
          <reporter-output>
          </reporter-output>
        </test-method> <!-- tearDown -->
      </class> <!-- saucedemo.mavenproject.LoginTest -->
    </test> <!-- Default test -->
  </suite> <!-- Default suite -->
</testng-results>
