<?xml version="1.0" encoding="UTF-8"?>
<testng-results ignored="0" total="1" passed="1" failed="0" skipped="0">
  <reporter-output>
  </reporter-output>
  <suite started-at="2023-06-04T05:12:41 WIB" name="Default suite" finished-at="2023-06-04T05:12:47 WIB" duration-ms="5945">
    <groups>
    </groups>
    <test started-at="2023-06-04T05:12:41 WIB" name="Default test" finished-at="2023-06-04T05:12:47 WIB" duration-ms="5945">
      <class name="saucedemo.mavenproject.LoginTest">
        <test-method is-config="true" signature="setup()[pri:0, instance:saucedemo.mavenproject.LoginTest@51dcb805]" started-at="2023-06-04T05:12:41 WIB" name="setup" finished-at="2023-06-04T05:12:44 WIB" duration-ms="2641" status="PASS">
          <reporter-output>
          </reporter-output>
        </test-method> <!-- setup -->
        <test-method signature="login()[pri:0, instance:saucedemo.mavenproject.LoginTest@51dcb805]" started-at="2023-06-04T05:12:44 WIB" name="login" finished-at="2023-06-04T05:12:47 WIB" duration-ms="3200" status="PASS">
          <reporter-output>
          </reporter-output>
        </test-method> <!-- login -->
        <test-method is-config="true" signature="tearDown()[pri:0, instance:saucedemo.mavenproject.LoginTest@51dcb805]" started-at="2023-06-04T05:12:47 WIB" name="tearDown" finished-at="2023-06-04T05:12:47 WIB" duration-ms="87" status="PASS">
          <reporter-output>
          </reporter-output>
        </test-method> <!-- tearDown -->
      </class> <!-- saucedemo.mavenproject.LoginTest -->
    </test> <!-- Default test -->
  </suite> <!-- Default suite -->
</testng-results>
